2025-04-04 22:46:04,066 - AlbionBotGUI - INFO - Processus Albion détecté: Albion-Online.exe (PID: 5616)
2025-04-04 22:46:04,067 - AlbionBotGUI - INFO - Configuration du processus trouvée: PID=5616
2025-04-04 22:46:04,068 - AlbionBotGUI - INFO - Le processus 5616 est toujours en cours d'exécution: Albion-Online.exe
2025-04-04 22:46:04,068 - AlbionBotGUI - INFO - Configuration synchronisée dans le dossier Application
2025-04-04 22:46:04,068 - AlbionBotGUI - INFO - Démarrage de l'interface graphique
2025-04-04 22:46:05,400 - AntiDetection - INFO - Gestionnaire anti-détection initialisé (ID: 50e2e480)
2025-04-04 22:47:25,916 - AlbionBotGUI - INFO - Processus Albion détecté: Albion-Online.exe (PID: 5616)
2025-04-04 22:47:25,916 - AlbionBotGUI - INFO - Configuration du processus trouvée: PID=5616
2025-04-04 22:47:25,916 - AlbionBotGUI - INFO - Le processus 5616 est toujours en cours d'exécution: Albion-Online.exe
2025-04-04 22:47:25,916 - AlbionBotGUI - INFO - Configuration synchronisée dans le dossier Application
2025-04-04 22:47:25,918 - AlbionBotGUI - INFO - Démarrage de l'interface graphique
2025-04-04 22:47:27,933 - AntiDetection - INFO - Gestionnaire anti-détection initialisé (ID: f2a51ba5)
2025-04-04 22:49:16,961 - AlbionBotGUI - INFO - Processus Albion détecté: Albion-Online.exe (PID: 5616)
2025-04-04 22:49:16,962 - AlbionBotGUI - INFO - Configuration du processus trouvée: PID=5616
2025-04-04 22:49:16,962 - AlbionBotGUI - INFO - Le processus 5616 est toujours en cours d'exécution: Albion-Online.exe
2025-04-04 22:49:16,963 - AlbionBotGUI - INFO - Configuration synchronisée dans le dossier Application
2025-04-04 22:49:16,963 - AlbionBotGUI - INFO - Démarrage de l'interface graphique
2025-04-04 22:49:18,016 - AntiDetection - INFO - Gestionnaire anti-détection initialisé (ID: e0592010)
2025-04-04 22:56:04,449 - AlbionBotGUI - INFO - Processus Albion détecté: Albion-Online.exe (PID: 5616)
2025-04-04 22:56:04,450 - AlbionBotGUI - INFO - Démarrage de l'interface graphique
2025-04-04 22:56:07,619 - AntiDetection - INFO - Gestionnaire anti-détection initialisé (ID: dfe556d2)
2025-04-04 22:57:03,917 - AlbionBotGUI - INFO - Processus Albion détecté: Albion-Online.exe (PID: 5616)
2025-04-04 22:57:03,918 - AlbionBotGUI - INFO - Démarrage de l'interface graphique
2025-04-04 22:57:05,208 - AntiDetection - INFO - Gestionnaire anti-détection initialisé (ID: 844d413a)
2025-04-04 22:58:13,429 - AlbionBotGUI - INFO - Processus Albion détecté: Albion-Online.exe (PID: 5616)
2025-04-04 22:58:13,429 - AlbionBotGUI - INFO - Démarrage de l'interface graphique
2025-04-04 22:58:14,583 - AntiDetection - INFO - Gestionnaire anti-détection initialisé (ID: eee2126c)
2025-04-04 22:58:28,733 - AlbionBotGUI - INFO - Processus Albion détecté: Albion-Online.exe (PID: 5616)
2025-04-04 22:58:28,733 - AlbionBotGUI - INFO - Démarrage de l'interface graphique
2025-04-04 22:58:31,926 - AntiDetection - INFO - Gestionnaire anti-détection initialisé (ID: bc829dbb)
2025-04-04 23:06:47,773 - AlbionBotGUI - INFO - Processus Albion détecté: Albion-Online.exe (PID: 5616)
2025-04-04 23:06:47,773 - AlbionBotGUI - INFO - Démarrage de l'interface graphique
2025-04-04 23:06:49,089 - AntiDetection - INFO - Gestionnaire anti-détection initialisé (ID: 0cb6f093)
2025-04-04 23:08:23,108 - AlbionBotGUI - INFO - Processus Albion détecté: Albion-Online.exe (PID: 5616)
2025-04-04 23:08:23,108 - AlbionBotGUI - INFO - Démarrage de l'interface graphique
2025-04-04 23:08:24,567 - AntiDetection - INFO - Gestionnaire anti-détection initialisé (ID: 696154e3)
2025-04-05 20:01:32,781 - AlbionBotGUI - INFO - Processus Albion détecté: Albion-Online_BE.exe (PID: 19352)
2025-04-05 20:01:32,781 - AlbionBotGUI - INFO - Démarrage de l'interface graphique
2025-04-05 20:01:41,091 - AntiDetection - INFO - Gestionnaire anti-détection initialisé (ID: 7d6eab28)
2025-04-05 20:02:45,605 - AlbionBotGUI - INFO - Processus Albion détecté: Albion-Online_BE.exe (PID: 19352)
2025-04-05 20:02:45,606 - AlbionBotGUI - INFO - Démarrage de l'interface graphique
